<?xml version="1.0" encoding="UTF-8"?>
<!-- Generated by org.testng.reporters.JUnitReportReporter -->
<testsuite hostname="DESKTOP-PCEHKV8" failures="0" tests="1" name="com.qa.test.MultipleWindows" time="8.011" errors="0" timestamp="04 Dec 2020 16:24:50 GMT" skipped="0">
  <testcase classname="com.qa.test.MultipleWindows" name="frames" time="8.011"/>
</testsuite> <!-- com.qa.test.MultipleWindows -->
