<?xml version="1.0" encoding="UTF-8"?>
<!-- Generated by org.testng.reporters.JUnitReportReporter -->
<testsuite hostname="DESKTOP-PCEHKV8" failures="0" tests="1" name="com.qa.test.DragnDrop" time="0.305" errors="0" timestamp="03 Dec 2020 16:01:48 GMT" skipped="0">
  <testcase classname="com.qa.test.DragnDrop" name="drag" time="0.305"/>
</testsuite> <!-- com.qa.test.DragnDrop -->
