<?xml version="1.0" encoding="UTF-8"?>
<!-- Generated by org.testng.reporters.JUnitReportReporter -->
<testsuite hostname="DESKTOP-PCEHKV8" failures="0" tests="3" name="com.qa.test.Dropdown" time="18.736" errors="0" timestamp="03 Dec 2020 14:47:33 GMT" skipped="0">
  <testcase classname="com.qa.test.Dropdown" name="dropdownList" time="0.169"/>
  <testcase classname="com.qa.test.Dropdown" name="dropdownList2" time="9.248"/>
  <testcase classname="com.qa.test.Dropdown" name="dropdownList3" time="9.319"/>
</testsuite> <!-- com.qa.test.Dropdown -->
