<?xml version="1.0" encoding="UTF-8"?>
<!-- Generated by org.testng.reporters.JUnitReportReporter -->
<testsuite skipped="0" hostname="DESKTOP-PCEHKV8" name="com.grid.test.GridChromeDemo" tests="1" failures="0" timestamp="2021-06-06T12:21:20 IST" time="32.732" errors="0">
  <testcase name="chromeTestApp" time="32.732" classname="com.grid.test.GridChromeDemo"/>
  <system-out/>
</testsuite> <!-- com.grid.test.GridChromeDemo -->
