<?xml version="1.0" encoding="UTF-8"?>
<!-- Generated by org.testng.reporters.JUnitReportReporter -->
<testsuite skipped="0" hostname="DESKTOP-PCEHKV8" name="com.grid.test.GridFirefoxDemo" tests="1" failures="0" timestamp="2021-06-05T15:07:37 IST" time="15.569" errors="0">
  <testcase name="firefoxTestApp" time="15.569" classname="com.grid.test.GridFirefoxDemo"/>
  <system-out/>
</testsuite> <!-- com.grid.test.GridFirefoxDemo -->
