<?xml version="1.0" encoding="UTF-8"?>
<!-- Generated by org.testng.reporters.JUnitReportReporter -->
<testsuite hostname="DESKTOP-PCEHKV8" failures="0" tests="1" name="com.grid.test.ChromeDemo" time="23.232" errors="0" timestamp="04 Jun 2021 10:42:00 GMT" skipped="0">
  <testcase classname="com.grid.test.ChromeDemo" name="chromeTestApp" time="23.232"/>
</testsuite> <!-- com.grid.test.ChromeDemo -->
