<?xml version="1.0" encoding="UTF-8"?>
<!-- Generated by org.testng.reporters.JUnitReportReporter -->
<testsuite skipped="0" hostname="DESKTOP-PCEHKV8" name="com.grid.test.GridFirefoxDemo" tests="1" failures="0" timestamp="2021-06-06T12:21:20 IST" time="42.852" errors="0">
  <testcase name="firefoxTestApp" time="42.852" classname="com.grid.test.GridFirefoxDemo"/>
  <system-out/>
</testsuite> <!-- com.grid.test.GridFirefoxDemo -->
