<?xml version="1.0" encoding="UTF-8"?>
<!-- Generated by org.testng.reporters.JUnitReportReporter -->
<testsuite skipped="0" hostname="DESKTOP-PCEHKV8" name="com.grid.test.GridChromeDemo" tests="1" failures="0" timestamp="2021-06-05T15:07:37 IST" time="9.862" errors="0">
  <testcase name="chromeTestApp" time="9.862" classname="com.grid.test.GridChromeDemo"/>
  <system-out/>
</testsuite> <!-- com.grid.test.GridChromeDemo -->
