<?xml version="1.0" encoding="UTF-8"?>
<!-- Generated by org.testng.reporters.JUnitReportReporter -->
<testsuite hostname="DESKTOP-PCEHKV8" failures="0" tests="8" name="com.qa.test.Locators" time="17.858" errors="0" timestamp="02 Dec 2020 07:40:58 GMT" skipped="0">
  <testcase classname="com.qa.test.Locators" name="byCSSID" time="0.090"/>
  <testcase classname="com.qa.test.Locators" name="byAttributeName" time="0.065"/>
  <testcase classname="com.qa.test.Locators" name="byDOMXpath" time="0.065"/>
  <testcase classname="com.qa.test.Locators" name="byCSSSeclector" time="0.063"/>
  <testcase classname="com.qa.test.Locators" name="byCSSClassName" time="0.056"/>
  <testcase classname="com.qa.test.Locators" name="bylinkText" time="6.598"/>
  <testcase classname="com.qa.test.Locators" name="byPartiallinkText" time="6.868"/>
  <testcase classname="com.qa.test.Locators" name="byhtmlTagName" time="4.053"/>
</testsuite> <!-- com.qa.test.Locators -->
