<?xml version="1.0" encoding="UTF-8"?>
<!-- Generated by org.testng.reporters.JUnitReportReporter -->
<testsuite skipped="0" hostname="DESKTOP-PCEHKV8" name="com.grid.test.GridChromeDemo" tests="1" failures="0" timestamp="06 Jun 2021 07:09:49 GMT" time="32.534" errors="0">
  <testcase name="chromeTestApp" time="32.534" classname="com.grid.test.GridChromeDemo"/>
</testsuite> <!-- com.grid.test.GridChromeDemo -->
