<?xml version="1.0" encoding="UTF-8"?>
<!-- Generated by org.testng.reporters.JUnitReportReporter -->
<testsuite skipped="0" hostname="DESKTOP-PCEHKV8" name="com.grid.test.GridFirefoxDemo" tests="1" failures="0" timestamp="06 Jun 2021 07:09:49 GMT" time="39.069" errors="0">
  <testcase name="firefoxTestApp" time="39.069" classname="com.grid.test.GridFirefoxDemo"/>
</testsuite> <!-- com.grid.test.GridFirefoxDemo -->
