<?xml version="1.0" encoding="UTF-8"?>
<!-- Generated by org.testng.reporters.JUnitReportReporter -->
<testsuite skipped="0" hostname="DESKTOP-PCEHKV8" name="com.grid.test.GridChromeDemo" tests="1" failures="0" timestamp="05 Jun 2021 09:44:34 GMT" time="14.274" errors="0">
  <testcase name="chromeTestApp" time="14.274" classname="com.grid.test.GridChromeDemo"/>
</testsuite> <!-- com.grid.test.GridChromeDemo -->
